2023/11/27 18:33:45 Hook2CMD logging started ...
2023/11/27 18:34:14 /home/debian/hook2cmd/test.sh   raphael.bordel/dss-client
2023/11/27 18:36:13 Hook2CMD logging started ...
2023/11/27 18:36:26 /test /home/debian/hook2cmd/test.sh raphael.bordel/dss-client
2023/11/27 19:09:34 Hook2CMD logging started ...
2023/11/27 19:09:54 /test /home/debian/hook2cmd/test.sh raphael.bordel/dss-client
2023/11/27 19:12:08 /test /home/debian/hook2cmd/test.sh raphael.bordel/dss-client
2023/11/27 19:17:05 /test /home/debian/hook2cmd/test.sh raphael.bordel/dss-client
2023/11/27 19:21:46 /test /home/debian/hook2cmd/test.sh raphael.bordel/dss-client
2023/12/01 22:19:55 Hook2CMD logging started ...
2023/12/01 22:24:14 /test /home/debian/hook2cmd/test.sh raphael.bordel/dss-client
2023/12/01 22:24:18 /test /home/debian/hook2cmd/test.sh raphael.bordel/dss-client
2023/12/01 22:24:19 /test /home/debian/hook2cmd/test.sh raphael.bordel/dss-client
2023/12/01 22:24:20 /test /home/debian/hook2cmd/test.sh raphael.bordel/dss-client
2023/12/01 22:24:21 /test /home/debian/hook2cmd/test.sh raphael.bordel/dss-client
2023/12/01 22:24:22 IP : You have been Rate Limited
2023/12/01 22:24:24 IP : You have been Rate Limited
2023/12/01 22:24:31 IP : You have been Rate Limited
2023/12/01 22:24:43 IP : You have been Rate Limited
2023/12/01 22:26:04 IP : You have been Rate Limited
2023/12/01 22:30:27 Hook2CMD logging started ...
2023/12/01 22:30:49 /test /home/debian/hook2cmd/test.sh raphael.bordel/dss-client
2023/12/01 22:30:53 /test /home/debian/hook2cmd/test.sh raphael.bordel/dss-client
2023/12/01 22:30:54 /test /home/debian/hook2cmd/test.sh raphael.bordel/dss-client
2023/12/01 22:30:55 /test /home/debian/hook2cmd/test.sh raphael.bordel/dss-client
2023/12/01 22:30:57 /test /home/debian/hook2cmd/test.sh raphael.bordel/dss-client
2023/12/01 22:30:58 IP : You have been Rate Limited
2023/12/01 22:33:19 Hook2CMD logging started ...
2023/12/01 22:33:30 /test /home/debian/hook2cmd/test.sh raphael.bordel/dss-client
2023/12/01 22:33:31 /test /home/debian/hook2cmd/test.sh raphael.bordel/dss-client
2023/12/01 22:33:32 /test /home/debian/hook2cmd/test.sh raphael.bordel/dss-client
2023/12/01 22:33:32 /test /home/debian/hook2cmd/test.sh raphael.bordel/dss-client
2023/12/01 22:33:33 /test /home/debian/hook2cmd/test.sh raphael.bordel/dss-client
2023/12/01 22:33:34 217.182.68.47  : You have been Rate Limited
2023/12/01 22:34:02 217.182.68.47  : You have been Rate Limited
2023/12/01 22:39:48 217.182.68.47  : You have been Rate Limited
2023/12/01 22:41:43 Hook2CMD logging started ...
2023/12/01 22:42:07 /test /home/debian/hook2cmd/test.sh raphael.bordel/dss-client
2023/12/01 22:43:45 Hook2CMD logging started ...
2023/12/01 22:43:53 /test /home/debian/hook2cmd/test.sh raphael.bordel/dss-client
2023/12/01 22:54:21 Hook2CMD logging started ...
2023/12/01 22:54:42 /test /home/debian/hook2cmd/test.sh raphael.bordel/dss-client
2023/12/01 22:54:43 /test /home/debian/hook2cmd/test.sh raphael.bordel/dss-client
2023/12/01 22:54:44 /test /home/debian/hook2cmd/test.sh raphael.bordel/dss-client
2023/12/01 22:54:45 /test /home/debian/hook2cmd/test.sh raphael.bordel/dss-client
2023/12/01 22:54:46 /test /home/debian/hook2cmd/test.sh raphael.bordel/dss-client
2023/12/01 22:54:47 217.182.68.47  : You have been Rate Limited
2023/12/01 22:54:58 217.182.68.47  : You have been Rate Limited
2023/12/01 22:56:02 217.182.68.47  : You have been Rate Limited
2023/12/01 23:00:33 Hook2CMD logging started ...
2023/12/01 23:00:55 /test /home/debian/hook2cmd/test.sh raphael.bordel/dss-client
2023/12/01 23:05:11 /test /home/debian/hook2cmd/test.sh raphael.bordel/dss-client
2023/12/01 23:05:12 /test /home/debian/hook2cmd/test.sh raphael.bordel/dss-client
2023/12/01 23:06:10 /test /home/debian/hook2cmd/test.sh raphael.bordel/dss-client
2023/12/01 23:06:11 /test /home/debian/hook2cmd/test.sh raphael.bordel/dss-client
2023/12/01 23:06:12 217.182.68.47  : You have been Rate Limited
2023/12/01 23:16:46 Hook2CMD logging started ...
2023/12/01 23:16:55 /test /home/debian/hook2cmd/test.sh raphael.bordel/dss-client
2023/12/01 23:16:56 /test /home/debian/hook2cmd/test.sh raphael.bordel/dss-client
2023/12/01 23:26:42 Hook2CMD logging started ...
2023/12/01 23:27:12 /test /home/debian/hook2cmd/test.sh raphael.bordel/dss-client
2023/12/01 23:27:14 /test /home/debian/hook2cmd/test.sh raphael.bordel/dss-client
2023/12/01 23:29:26 Hook2CMD logging started ...
2023/12/01 23:29:43 /test /home/debian/hook2cmd/test.sh raphael.bordel/dss-client
2023/12/01 23:29:44 /test /home/debian/hook2cmd/test.sh raphael.bordel/dss-client
2023/12/01 23:32:10 Hook2CMD logging started ...
2023/12/01 23:32:18 /test /home/debian/hook2cmd/test.sh raphael.bordel/dss-client
2023/12/01 23:32:19 /test /home/debian/hook2cmd/test.sh raphael.bordel/dss-client
2023/12/01 23:32:58 /test /home/debian/hook2cmd/test.sh raphael.bordel/dss-client
2023/12/01 23:32:59 /test /home/debian/hook2cmd/test.sh raphael.bordel/dss-client
2023/12/01 23:33:00 /test /home/debian/hook2cmd/test.sh raphael.bordel/dss-client
2023/12/01 23:33:01 /test /home/debian/hook2cmd/test.sh raphael.bordel/dss-client
2023/12/01 23:33:02 /test /home/debian/hook2cmd/test.sh raphael.bordel/dss-client
2023/12/01 23:33:03 /test /home/debian/hook2cmd/test.sh raphael.bordel/dss-client
2023/12/01 23:33:04 217.182.68.47  : You have been Rate Limited
2023/12/01 23:42:22 /test /home/debian/hook2cmd/test.sh raphael.bordel/dss-client
2023/12/01 23:42:23 /test /home/debian/hook2cmd/test.sh raphael.bordel/dss-client
2023/12/01 23:42:25 /test /home/debian/hook2cmd/test.sh raphael.bordel/dss-client
2023/12/01 23:42:26 /test /home/debian/hook2cmd/test.sh raphael.bordel/dss-client
2023/12/01 23:42:27 /test /home/debian/hook2cmd/test.sh raphael.bordel/dss-client
2023/12/01 23:42:28 /test /home/debian/hook2cmd/test.sh raphael.bordel/dss-client
2023/12/01 23:42:29 217.182.68.47  : You have been Rate Limited
2023/12/01 23:42:31 /test /home/debian/hook2cmd/test.sh raphael.bordel/dss-client
2023/12/01 23:42:32 217.182.68.47  : You have been Rate Limited
2023/12/01 23:42:33 217.182.68.47  : You have been Rate Limited
2023/12/01 23:42:37 /test /home/debian/hook2cmd/test.sh raphael.bordel/dss-client
2023/12/01 23:42:39 217.182.68.47  : You have been Rate Limited
2023/12/01 23:42:41 /test /home/debian/hook2cmd/test.sh raphael.bordel/dss-client
2023/12/01 23:42:42 217.182.68.47  : You have been Rate Limited
2023/12/01 23:42:43 217.182.68.47  : You have been Rate Limited
2023/12/01 23:42:44 217.182.68.47  : You have been Rate Limited
2023/12/01 23:42:50 /test /home/debian/hook2cmd/test.sh raphael.bordel/dss-client
2023/12/01 23:43:52 Hook2CMD logging started ...
2023/12/01 23:44:28 /test /home/debian/hook2cmd/test.sh raphael.bordel/dss-client
2023/12/01 23:44:30 /test /home/debian/hook2cmd/test.sh raphael.bordel/dss-client
